<?xml version="1.0" encoding="UTF-8"?>
<!-- Generated by org.testng.reporters.JUnitXMLReporter -->
<testsuite hostname="DESKTOP-FV5BPAN" ignored="0" name="Test" tests="7" failures="0" timestamp="02 Sep 2019 18:01:16 GMT" time="0.624" errors="0">
  <testcase name="testPracticeMethod1" time="0.016" classname="test.maven.selenium.PracticeTest"/>
  <testcase name="testPracticeMethod2" time="0.0" classname="test.maven.selenium.PracticeTest"/>
  <testcase name="testApiMethod1" time="0.0" classname="test.maven.selenium.ApiTest"/>
  <testcase name="testApiMethod2" time="0.016" classname="test.maven.selenium.ApiTest"/>
  <testcase name="testSeleniumMethod1" time="0.0" classname="test.maven.selenium.TestSelenium"/>
  <testcase name="testSeleniumMethod2" time="0.016" classname="test.maven.selenium.TestSelenium"/>
  <testcase name="getData" time="0.546" classname="test.maven.selenium.ExcelDataExtractTest"/>
</testsuite> <!-- Test -->
